2019-10-30 15:07:17.080 [main] DEBUG org.jboss.logging - Logging Provider: org.jboss.logging.Log4j2LoggerProvider
2019-10-30 15:07:17.099 [main] DEBUG org.hibernate.integrator.internal.IntegratorServiceImpl - Adding Integrator [org.hibernate.cfg.beanvalidation.BeanValidationIntegrator].
2019-10-30 15:07:17.100 [main] DEBUG org.hibernate.integrator.internal.IntegratorServiceImpl - Adding Integrator [org.hibernate.secure.spi.JaccIntegrator].
2019-10-30 15:07:17.103 [main] DEBUG org.hibernate.integrator.internal.IntegratorServiceImpl - Adding Integrator [org.hibernate.cache.internal.CollectionCacheInvalidator].
2019-10-30 15:07:17.149 [main] INFO  org.hibernate.Version - HHH000412: Hibernate Core {5.4.7.Final}
2019-10-30 15:07:17.151 [main] DEBUG org.hibernate.cfg.Environment - HHH000206: hibernate.properties not found
2019-10-30 15:07:17.253 [main] DEBUG org.hibernate.boot.jaxb.internal.stax.LocalXmlResourceResolver - Interpreting public/system identifier : [null] - [http://www.hibernate.org/dtd/hibernate-configuration-3.0.dtd]
2019-10-30 15:07:17.254 [main] DEBUG org.hibernate.boot.jaxb.internal.stax.LocalXmlResourceResolver - Recognized hibernate-configuration identifier; attempting to resolve on classpath under org/hibernate/
2019-10-30 15:07:17.259 [main] DEBUG org.hibernate.boot.cfgxml.internal.JaxbCfgProcessor - cfg.xml document did not define namespaces; wrapping in custom event reader to introduce namespace information
2019-10-30 15:07:17.457 [main] DEBUG org.hibernate.service.spi.ServiceBinding - Overriding existing service binding [org.hibernate.secure.spi.JaccService]
2019-10-30 15:07:17.468 [main] DEBUG org.hibernate.cache.internal.RegionFactoryInitiator - Cannot default RegionFactory based on registered strategies as `[]` RegionFactory strategies were registered
2019-10-30 15:07:17.469 [main] DEBUG org.hibernate.cache.internal.RegionFactoryInitiator - Cache region factory : org.hibernate.cache.internal.NoCachingRegionFactory
2019-10-30 15:07:17.482 [main] INFO  org.hibernate.annotations.common.Version - HCANN000001: Hibernate Commons Annotations {5.1.0.Final}
2019-10-30 15:07:17.500 [main] DEBUG org.hibernate.type.BasicTypeRegistry - Adding type registration boolean -> org.hibernate.type.BooleanType@58cec85b
2019-10-30 15:07:17.500 [main] DEBUG org.hibernate.type.BasicTypeRegistry - Adding type registration boolean -> org.hibernate.type.BooleanType@58cec85b
2019-10-30 15:07:17.500 [main] DEBUG org.hibernate.type.BasicTypeRegistry - Adding type registration java.lang.Boolean -> org.hibernate.type.BooleanType@58cec85b
2019-10-30 15:07:17.501 [main] DEBUG org.hibernate.type.BasicTypeRegistry - Adding type registration numeric_boolean -> org.hibernate.type.NumericBooleanType@20ed3303
2019-10-30 15:07:17.502 [main] DEBUG org.hibernate.type.BasicTypeRegistry - Adding type registration true_false -> org.hibernate.type.TrueFalseType@963176
2019-10-30 15:07:17.502 [main] DEBUG org.hibernate.type.BasicTypeRegistry - Adding type registration yes_no -> org.hibernate.type.YesNoType@67001148
2019-10-30 15:07:17.503 [main] DEBUG org.hibernate.type.BasicTypeRegistry - Adding type registration byte -> org.hibernate.type.ByteType@441cc260
2019-10-30 15:07:17.503 [main] DEBUG org.hibernate.type.BasicTypeRegistry - Adding type registration byte -> org.hibernate.type.ByteType@441cc260
2019-10-30 15:07:17.503 [main] DEBUG org.hibernate.type.BasicTypeRegistry - Adding type registration java.lang.Byte -> org.hibernate.type.ByteType@441cc260
2019-10-30 15:07:17.504 [main] DEBUG org.hibernate.type.BasicTypeRegistry - Adding type registration character -> org.hibernate.type.CharacterType@55b8dbda
2019-10-30 15:07:17.504 [main] DEBUG org.hibernate.type.BasicTypeRegistry - Adding type registration char -> org.hibernate.type.CharacterType@55b8dbda
2019-10-30 15:07:17.504 [main] DEBUG org.hibernate.type.BasicTypeRegistry - Adding type registration java.lang.Character -> org.hibernate.type.CharacterType@55b8dbda
2019-10-30 15:07:17.505 [main] DEBUG org.hibernate.type.BasicTypeRegistry - Adding type registration short -> org.hibernate.type.ShortType@5b22b970
2019-10-30 15:07:17.505 [main] DEBUG org.hibernate.type.BasicTypeRegistry - Adding type registration short -> org.hibernate.type.ShortType@5b22b970
2019-10-30 15:07:17.505 [main] DEBUG org.hibernate.type.BasicTypeRegistry - Adding type registration java.lang.Short -> org.hibernate.type.ShortType@5b22b970
2019-10-30 15:07:17.506 [main] DEBUG org.hibernate.type.BasicTypeRegistry - Adding type registration integer -> org.hibernate.type.IntegerType@748fe51d
2019-10-30 15:07:17.506 [main] DEBUG org.hibernate.type.BasicTypeRegistry - Adding type registration int -> org.hibernate.type.IntegerType@748fe51d
2019-10-30 15:07:17.506 [main] DEBUG org.hibernate.type.BasicTypeRegistry - Adding type registration java.lang.Integer -> org.hibernate.type.IntegerType@748fe51d
2019-10-30 15:07:17.507 [main] DEBUG org.hibernate.type.BasicTypeRegistry - Adding type registration long -> org.hibernate.type.LongType@1ecfcbc9
2019-10-30 15:07:17.507 [main] DEBUG org.hibernate.type.BasicTypeRegistry - Adding type registration long -> org.hibernate.type.LongType@1ecfcbc9
2019-10-30 15:07:17.507 [main] DEBUG org.hibernate.type.BasicTypeRegistry - Adding type registration java.lang.Long -> org.hibernate.type.LongType@1ecfcbc9
2019-10-30 15:07:17.508 [main] DEBUG org.hibernate.type.BasicTypeRegistry - Adding type registration float -> org.hibernate.type.FloatType@8c46918
2019-10-30 15:07:17.508 [main] DEBUG org.hibernate.type.BasicTypeRegistry - Adding type registration float -> org.hibernate.type.FloatType@8c46918
2019-10-30 15:07:17.508 [main] DEBUG org.hibernate.type.BasicTypeRegistry - Adding type registration java.lang.Float -> org.hibernate.type.FloatType@8c46918
2019-10-30 15:07:17.509 [main] DEBUG org.hibernate.type.BasicTypeRegistry - Adding type registration double -> org.hibernate.type.DoubleType@153f66e7
2019-10-30 15:07:17.509 [main] DEBUG org.hibernate.type.BasicTypeRegistry - Adding type registration double -> org.hibernate.type.DoubleType@153f66e7
2019-10-30 15:07:17.509 [main] DEBUG org.hibernate.type.BasicTypeRegistry - Adding type registration java.lang.Double -> org.hibernate.type.DoubleType@153f66e7
2019-10-30 15:07:17.510 [main] DEBUG org.hibernate.type.BasicTypeRegistry - Adding type registration big_decimal -> org.hibernate.type.BigDecimalType@4912d525
2019-10-30 15:07:17.510 [main] DEBUG org.hibernate.type.BasicTypeRegistry - Adding type registration java.math.BigDecimal -> org.hibernate.type.BigDecimalType@4912d525
2019-10-30 15:07:17.511 [main] DEBUG org.hibernate.type.BasicTypeRegistry - Adding type registration big_integer -> org.hibernate.type.BigIntegerType@2b4c3c29
2019-10-30 15:07:17.511 [main] DEBUG org.hibernate.type.BasicTypeRegistry - Adding type registration java.math.BigInteger -> org.hibernate.type.BigIntegerType@2b4c3c29
2019-10-30 15:07:17.512 [main] DEBUG org.hibernate.type.BasicTypeRegistry - Adding type registration string -> org.hibernate.type.StringType@57c88764
2019-10-30 15:07:17.512 [main] DEBUG org.hibernate.type.BasicTypeRegistry - Adding type registration java.lang.String -> org.hibernate.type.StringType@57c88764
2019-10-30 15:07:17.512 [main] DEBUG org.hibernate.type.BasicTypeRegistry - Adding type registration nstring -> org.hibernate.type.StringNVarcharType@1603dc2f
2019-10-30 15:07:17.513 [main] DEBUG org.hibernate.type.BasicTypeRegistry - Adding type registration ncharacter -> org.hibernate.type.CharacterNCharType@70abf9b0
2019-10-30 15:07:17.513 [main] DEBUG org.hibernate.type.BasicTypeRegistry - Adding type registration url -> org.hibernate.type.UrlType@2c16fadb
2019-10-30 15:07:17.514 [main] DEBUG org.hibernate.type.BasicTypeRegistry - Adding type registration java.net.URL -> org.hibernate.type.UrlType@2c16fadb
2019-10-30 15:07:17.515 [main] DEBUG org.hibernate.type.BasicTypeRegistry - Adding type registration Duration -> org.hibernate.type.DurationType@f8f56b9
2019-10-30 15:07:17.515 [main] DEBUG org.hibernate.type.BasicTypeRegistry - Adding type registration java.time.Duration -> org.hibernate.type.DurationType@f8f56b9
2019-10-30 15:07:17.517 [main] DEBUG org.hibernate.type.BasicTypeRegistry - Adding type registration Instant -> org.hibernate.type.InstantType@bdc8014
2019-10-30 15:07:17.517 [main] DEBUG org.hibernate.type.BasicTypeRegistry - Adding type registration java.time.Instant -> org.hibernate.type.InstantType@bdc8014
2019-10-30 15:07:17.518 [main] DEBUG org.hibernate.type.BasicTypeRegistry - Adding type registration LocalDateTime -> org.hibernate.type.LocalDateTimeType@28d79cba
2019-10-30 15:07:17.519 [main] DEBUG org.hibernate.type.BasicTypeRegistry - Adding type registration java.time.LocalDateTime -> org.hibernate.type.LocalDateTimeType@28d79cba
2019-10-30 15:07:17.519 [main] DEBUG org.hibernate.type.BasicTypeRegistry - Adding type registration LocalDate -> org.hibernate.type.LocalDateType@65bb9029
2019-10-30 15:07:17.520 [main] DEBUG org.hibernate.type.BasicTypeRegistry - Adding type registration java.time.LocalDate -> org.hibernate.type.LocalDateType@65bb9029
2019-10-30 15:07:17.520 [main] DEBUG org.hibernate.type.BasicTypeRegistry - Adding type registration LocalTime -> org.hibernate.type.LocalTimeType@6daf2337
2019-10-30 15:07:17.521 [main] DEBUG org.hibernate.type.BasicTypeRegistry - Adding type registration java.time.LocalTime -> org.hibernate.type.LocalTimeType@6daf2337
2019-10-30 15:07:17.522 [main] DEBUG org.hibernate.type.BasicTypeRegistry - Adding type registration OffsetDateTime -> org.hibernate.type.OffsetDateTimeType@60e5272
2019-10-30 15:07:17.522 [main] DEBUG org.hibernate.type.BasicTypeRegistry - Adding type registration java.time.OffsetDateTime -> org.hibernate.type.OffsetDateTimeType@60e5272
2019-10-30 15:07:17.523 [main] DEBUG org.hibernate.type.BasicTypeRegistry - Adding type registration OffsetTime -> org.hibernate.type.OffsetTimeType@52b6319f
2019-10-30 15:07:17.523 [main] DEBUG org.hibernate.type.BasicTypeRegistry - Adding type registration java.time.OffsetTime -> org.hibernate.type.OffsetTimeType@52b6319f
2019-10-30 15:07:17.524 [main] DEBUG org.hibernate.type.BasicTypeRegistry - Adding type registration ZonedDateTime -> org.hibernate.type.ZonedDateTimeType@215a34b4
2019-10-30 15:07:17.524 [main] DEBUG org.hibernate.type.BasicTypeRegistry - Adding type registration java.time.ZonedDateTime -> org.hibernate.type.ZonedDateTimeType@215a34b4
2019-10-30 15:07:17.525 [main] DEBUG org.hibernate.type.BasicTypeRegistry - Adding type registration date -> org.hibernate.type.DateType@56303475
2019-10-30 15:07:17.525 [main] DEBUG org.hibernate.type.BasicTypeRegistry - Adding type registration java.sql.Date -> org.hibernate.type.DateType@56303475
2019-10-30 15:07:17.526 [main] DEBUG org.hibernate.type.BasicTypeRegistry - Adding type registration time -> org.hibernate.type.TimeType@6e1f8469
2019-10-30 15:07:17.526 [main] DEBUG org.hibernate.type.BasicTypeRegistry - Adding type registration java.sql.Time -> org.hibernate.type.TimeType@6e1f8469
2019-10-30 15:07:17.527 [main] DEBUG org.hibernate.type.BasicTypeRegistry - Adding type registration timestamp -> org.hibernate.type.TimestampType@320494b6
2019-10-30 15:07:17.527 [main] DEBUG org.hibernate.type.BasicTypeRegistry - Adding type registration java.sql.Timestamp -> org.hibernate.type.TimestampType@320494b6
2019-10-30 15:07:17.527 [main] DEBUG org.hibernate.type.BasicTypeRegistry - Adding type registration java.util.Date -> org.hibernate.type.TimestampType@320494b6
2019-10-30 15:07:17.529 [main] DEBUG org.hibernate.type.BasicTypeRegistry - Adding type registration dbtimestamp -> org.hibernate.type.DbTimestampType@47d7bfb3
2019-10-30 15:07:17.530 [main] DEBUG org.hibernate.type.BasicTypeRegistry - Adding type registration calendar -> org.hibernate.type.CalendarType@25a73de1
2019-10-30 15:07:17.530 [main] DEBUG org.hibernate.type.BasicTypeRegistry - Adding type registration java.util.Calendar -> org.hibernate.type.CalendarType@25a73de1
2019-10-30 15:07:17.530 [main] DEBUG org.hibernate.type.BasicTypeRegistry - Adding type registration java.util.GregorianCalendar -> org.hibernate.type.CalendarType@25a73de1
2019-10-30 15:07:17.530 [main] DEBUG org.hibernate.type.BasicTypeRegistry - Adding type registration calendar_date -> org.hibernate.type.CalendarDateType@260f2144
2019-10-30 15:07:17.531 [main] DEBUG org.hibernate.type.BasicTypeRegistry - Adding type registration locale -> org.hibernate.type.LocaleType@58399d82
2019-10-30 15:07:17.531 [main] DEBUG org.hibernate.type.BasicTypeRegistry - Adding type registration java.util.Locale -> org.hibernate.type.LocaleType@58399d82
2019-10-30 15:07:17.532 [main] DEBUG org.hibernate.type.BasicTypeRegistry - Adding type registration currency -> org.hibernate.type.CurrencyType@78e89bfe
2019-10-30 15:07:17.532 [main] DEBUG org.hibernate.type.BasicTypeRegistry - Adding type registration java.util.Currency -> org.hibernate.type.CurrencyType@78e89bfe
2019-10-30 15:07:17.533 [main] DEBUG org.hibernate.type.BasicTypeRegistry - Adding type registration timezone -> org.hibernate.type.TimeZoneType@1e6cc850
2019-10-30 15:07:17.533 [main] DEBUG org.hibernate.type.BasicTypeRegistry - Adding type registration java.util.TimeZone -> org.hibernate.type.TimeZoneType@1e6cc850
2019-10-30 15:07:17.534 [main] DEBUG org.hibernate.type.BasicTypeRegistry - Adding type registration class -> org.hibernate.type.ClassType@77d18d0b
2019-10-30 15:07:17.534 [main] DEBUG org.hibernate.type.BasicTypeRegistry - Adding type registration java.lang.Class -> org.hibernate.type.ClassType@77d18d0b
2019-10-30 15:07:17.534 [main] DEBUG org.hibernate.type.BasicTypeRegistry - Adding type registration uuid-binary -> org.hibernate.type.UUIDBinaryType@3b08f438
2019-10-30 15:07:17.535 [main] DEBUG org.hibernate.type.BasicTypeRegistry - Adding type registration java.util.UUID -> org.hibernate.type.UUIDBinaryType@3b08f438
2019-10-30 15:07:17.535 [main] DEBUG org.hibernate.type.BasicTypeRegistry - Adding type registration uuid-char -> org.hibernate.type.UUIDCharType@2788d0fe
2019-10-30 15:07:17.536 [main] DEBUG org.hibernate.type.BasicTypeRegistry - Adding type registration binary -> org.hibernate.type.BinaryType@59429fac
2019-10-30 15:07:17.536 [main] DEBUG org.hibernate.type.BasicTypeRegistry - Adding type registration byte[] -> org.hibernate.type.BinaryType@59429fac
2019-10-30 15:07:17.536 [main] DEBUG org.hibernate.type.BasicTypeRegistry - Adding type registration [B -> org.hibernate.type.BinaryType@59429fac
2019-10-30 15:07:17.537 [main] DEBUG org.hibernate.type.BasicTypeRegistry - Adding type registration wrapper-binary -> org.hibernate.type.WrapperBinaryType@5e4fa1da
2019-10-30 15:07:17.537 [main] DEBUG org.hibernate.type.BasicTypeRegistry - Adding type registration Byte[] -> org.hibernate.type.WrapperBinaryType@5e4fa1da
2019-10-30 15:07:17.537 [main] DEBUG org.hibernate.type.BasicTypeRegistry - Adding type registration [Ljava.lang.Byte; -> org.hibernate.type.WrapperBinaryType@5e4fa1da
2019-10-30 15:07:17.538 [main] DEBUG org.hibernate.type.BasicTypeRegistry - Adding type registration row_version -> org.hibernate.type.RowVersionType@66ba7e45
2019-10-30 15:07:17.538 [main] DEBUG org.hibernate.type.BasicTypeRegistry - Adding type registration image -> org.hibernate.type.ImageType@646811d6
2019-10-30 15:07:17.539 [main] DEBUG org.hibernate.type.BasicTypeRegistry - Adding type registration characters -> org.hibernate.type.CharArrayType@4ba89729
2019-10-30 15:07:17.539 [main] DEBUG org.hibernate.type.BasicTypeRegistry - Adding type registration char[] -> org.hibernate.type.CharArrayType@4ba89729
2019-10-30 15:07:17.539 [main] DEBUG org.hibernate.type.BasicTypeRegistry - Adding type registration [C -> org.hibernate.type.CharArrayType@4ba89729
2019-10-30 15:07:17.540 [main] DEBUG org.hibernate.type.BasicTypeRegistry - Adding type registration wrapper-characters -> org.hibernate.type.CharacterArrayType@e4d2696
2019-10-30 15:07:17.540 [main] DEBUG org.hibernate.type.BasicTypeRegistry - Adding type registration [Ljava.lang.Character; -> org.hibernate.type.CharacterArrayType@e4d2696
2019-10-30 15:07:17.540 [main] DEBUG org.hibernate.type.BasicTypeRegistry - Adding type registration Character[] -> org.hibernate.type.CharacterArrayType@e4d2696
2019-10-30 15:07:17.541 [main] DEBUG org.hibernate.type.BasicTypeRegistry - Adding type registration text -> org.hibernate.type.TextType@42e22a53
2019-10-30 15:07:17.541 [main] DEBUG org.hibernate.type.BasicTypeRegistry - Adding type registration ntext -> org.hibernate.type.NTextType@99a78d7
2019-10-30 15:07:17.542 [main] DEBUG org.hibernate.type.BasicTypeRegistry - Adding type registration blob -> org.hibernate.type.BlobType@5dbf5634
2019-10-30 15:07:17.542 [main] DEBUG org.hibernate.type.BasicTypeRegistry - Adding type registration java.sql.Blob -> org.hibernate.type.BlobType@5dbf5634
2019-10-30 15:07:17.543 [main] DEBUG org.hibernate.type.BasicTypeRegistry - Adding type registration materialized_blob -> org.hibernate.type.MaterializedBlobType@6ed06f69
2019-10-30 15:07:17.544 [main] DEBUG org.hibernate.type.BasicTypeRegistry - Adding type registration clob -> org.hibernate.type.ClobType@12f8b1d8
2019-10-30 15:07:17.544 [main] DEBUG org.hibernate.type.BasicTypeRegistry - Adding type registration java.sql.Clob -> org.hibernate.type.ClobType@12f8b1d8
2019-10-30 15:07:17.545 [main] DEBUG org.hibernate.type.BasicTypeRegistry - Adding type registration nclob -> org.hibernate.type.NClobType@4349754
2019-10-30 15:07:17.545 [main] DEBUG org.hibernate.type.BasicTypeRegistry - Adding type registration java.sql.NClob -> org.hibernate.type.NClobType@4349754
2019-10-30 15:07:17.545 [main] DEBUG org.hibernate.type.BasicTypeRegistry - Adding type registration materialized_clob -> org.hibernate.type.MaterializedClobType@1ba05e38
2019-10-30 15:07:17.545 [main] DEBUG org.hibernate.type.BasicTypeRegistry - Adding type registration materialized_nclob -> org.hibernate.type.MaterializedNClobType@6b760460
2019-10-30 15:07:17.546 [main] DEBUG org.hibernate.type.BasicTypeRegistry - Adding type registration serializable -> org.hibernate.type.SerializableType@5b94ccbc
2019-10-30 15:07:17.548 [main] DEBUG org.hibernate.type.BasicTypeRegistry - Adding type registration object -> org.hibernate.type.ObjectType@7cf162bc
2019-10-30 15:07:17.549 [main] DEBUG org.hibernate.type.BasicTypeRegistry - Adding type registration java.lang.Object -> org.hibernate.type.ObjectType@7cf162bc
2019-10-30 15:07:17.549 [main] DEBUG org.hibernate.type.BasicTypeRegistry - Adding type registration imm_date -> org.hibernate.type.AdaptedImmutableType@14e2e1c3
2019-10-30 15:07:17.549 [main] DEBUG org.hibernate.type.BasicTypeRegistry - Adding type registration imm_time -> org.hibernate.type.AdaptedImmutableType@2b4786dd
2019-10-30 15:07:17.549 [main] DEBUG org.hibernate.type.BasicTypeRegistry - Adding type registration imm_timestamp -> org.hibernate.type.AdaptedImmutableType@f202d6d
2019-10-30 15:07:17.549 [main] DEBUG org.hibernate.type.BasicTypeRegistry - Adding type registration imm_dbtimestamp -> org.hibernate.type.AdaptedImmutableType@60e21209
2019-10-30 15:07:17.549 [main] DEBUG org.hibernate.type.BasicTypeRegistry - Adding type registration imm_calendar -> org.hibernate.type.AdaptedImmutableType@630d1b2f
2019-10-30 15:07:17.550 [main] DEBUG org.hibernate.type.BasicTypeRegistry - Adding type registration imm_calendar_date -> org.hibernate.type.AdaptedImmutableType@746b18fd
2019-10-30 15:07:17.550 [main] DEBUG org.hibernate.type.BasicTypeRegistry - Adding type registration imm_binary -> org.hibernate.type.AdaptedImmutableType@7a2e0858
2019-10-30 15:07:17.550 [main] DEBUG org.hibernate.type.BasicTypeRegistry - Adding type registration imm_serializable -> org.hibernate.type.AdaptedImmutableType@aac3f4e
2019-10-30 15:07:17.564 [main] DEBUG org.hibernate.boot.jaxb.internal.stax.LocalXmlResourceResolver - Interpreting public/system identifier : [-//Hibernate/Hibernate Mapping DTD 3.0//EN] - [http://www.hibernate.org/dtd/hibernate-mapping-3.0.dtd]
2019-10-30 15:07:17.564 [main] DEBUG org.hibernate.boot.jaxb.internal.stax.LocalXmlResourceResolver - Recognized hibernate-mapping identifier; attempting to resolve on classpath under org/hibernate/
2019-10-30 15:07:17.578 [main] DEBUG org.hibernate.boot.jaxb.internal.MappingBinder - Performing JAXB binding of hbm.xml document : Origin(name=voiture.hbm.xml,type=RESOURCE)
2019-10-30 15:07:17.947 [main] DEBUG org.hibernate.id.factory.internal.DefaultIdentifierGeneratorFactory - Registering IdentifierGenerator strategy [uuid2] -> [org.hibernate.id.UUIDGenerator]
2019-10-30 15:07:17.947 [main] DEBUG org.hibernate.id.factory.internal.DefaultIdentifierGeneratorFactory - Registering IdentifierGenerator strategy [guid] -> [org.hibernate.id.GUIDGenerator]
2019-10-30 15:07:17.948 [main] DEBUG org.hibernate.id.factory.internal.DefaultIdentifierGeneratorFactory - Registering IdentifierGenerator strategy [uuid] -> [org.hibernate.id.UUIDHexGenerator]
2019-10-30 15:07:17.948 [main] DEBUG org.hibernate.id.factory.internal.DefaultIdentifierGeneratorFactory - Registering IdentifierGenerator strategy [uuid.hex] -> [org.hibernate.id.UUIDHexGenerator]
2019-10-30 15:07:17.948 [main] DEBUG org.hibernate.id.factory.internal.DefaultIdentifierGeneratorFactory - Registering IdentifierGenerator strategy [assigned] -> [org.hibernate.id.Assigned]
2019-10-30 15:07:17.949 [main] DEBUG org.hibernate.id.factory.internal.DefaultIdentifierGeneratorFactory - Registering IdentifierGenerator strategy [identity] -> [org.hibernate.id.IdentityGenerator]
2019-10-30 15:07:17.950 [main] DEBUG org.hibernate.id.factory.internal.DefaultIdentifierGeneratorFactory - Registering IdentifierGenerator strategy [select] -> [org.hibernate.id.SelectGenerator]
2019-10-30 15:07:17.951 [main] DEBUG org.hibernate.id.factory.internal.DefaultIdentifierGeneratorFactory - Registering IdentifierGenerator strategy [sequence] -> [org.hibernate.id.enhanced.SequenceStyleGenerator]
2019-10-30 15:07:17.952 [main] DEBUG org.hibernate.id.factory.internal.DefaultIdentifierGeneratorFactory - Registering IdentifierGenerator strategy [seqhilo] -> [org.hibernate.id.SequenceHiLoGenerator]
2019-10-30 15:07:17.952 [main] DEBUG org.hibernate.id.factory.internal.DefaultIdentifierGeneratorFactory - Registering IdentifierGenerator strategy [increment] -> [org.hibernate.id.IncrementGenerator]
2019-10-30 15:07:17.953 [main] DEBUG org.hibernate.id.factory.internal.DefaultIdentifierGeneratorFactory - Registering IdentifierGenerator strategy [foreign] -> [org.hibernate.id.ForeignGenerator]
2019-10-30 15:07:17.954 [main] DEBUG org.hibernate.id.factory.internal.DefaultIdentifierGeneratorFactory - Registering IdentifierGenerator strategy [sequence-identity] -> [org.hibernate.id.SequenceIdentityGenerator]
2019-10-30 15:07:17.954 [main] DEBUG org.hibernate.id.factory.internal.DefaultIdentifierGeneratorFactory - Registering IdentifierGenerator strategy [enhanced-sequence] -> [org.hibernate.id.enhanced.SequenceStyleGenerator]
2019-10-30 15:07:17.955 [main] DEBUG org.hibernate.id.factory.internal.DefaultIdentifierGeneratorFactory - Registering IdentifierGenerator strategy [enhanced-table] -> [org.hibernate.id.enhanced.TableGenerator]
2019-10-30 15:07:17.960 [main] WARN  org.hibernate.orm.connections.pooling - HHH10001002: Using Hibernate built-in connection pool (not for production use!)
2019-10-30 15:07:17.966 [main] INFO  org.hibernate.orm.connections.pooling - HHH10001005: using driver [com.mysql.cj.jdbc.Driver] at URL [jdbc:mysql://localhost/phpmyadmin]
2019-10-30 15:07:17.967 [main] INFO  org.hibernate.orm.connections.pooling - HHH10001001: Connection properties: {password=root, user=phpmyadmin}
2019-10-30 15:07:17.967 [main] INFO  org.hibernate.orm.connections.pooling - HHH10001003: Autocommit mode: false
2019-10-30 15:07:17.970 [main] DEBUG org.hibernate.engine.jdbc.connections.internal.DriverManagerConnectionProviderImpl - Initializing Connection pool with 1 Connections
2019-10-30 15:07:17.970 [main] INFO  org.hibernate.engine.jdbc.connections.internal.DriverManagerConnectionProviderImpl - HHH000115: Hibernate connection pool size: 1 (min=1)
2019-10-30 15:07:18.082 [main] WARN  org.hibernate.engine.jdbc.env.internal.JdbcEnvironmentInitiator - HHH000342: Could not obtain connection to query metadata : null
2019-10-30 15:07:18.092 [main] INFO  org.hibernate.dialect.Dialect - HHH000400: Using dialect: org.hibernate.dialect.MySQLDialect
2019-10-30 15:07:18.102 [main] DEBUG org.hibernate.engine.jdbc.env.spi.IdentifierHelperBuilder - IdentifierCaseStrategy for both quoted and unquoted identifiers was set to the same strategy [MIXED]; that will likely lead to problems in schema update and validation if using quoted identifiers
2019-10-30 15:07:18.105 [main] DEBUG org.hibernate.engine.jdbc.env.internal.LobCreatorBuilderImpl - HHH000422: Disabling contextual LOB creation as connection was null
2019-10-30 15:07:18.107 [main] DEBUG org.hibernate.engine.jdbc.spi.SqlExceptionHelper - Error calling Driver#connect [null]
com.mysql.cj.jdbc.exceptions.CommunicationsException: Communications link failure

The last packet sent successfully to the server was 0 milliseconds ago. The driver has not received any packets from the server.
	at com.mysql.cj.jdbc.exceptions.SQLError.createCommunicationsException(SQLError.java:174) ~[mysql-connector-java-8.0.13.jar:8.0.13]
	at com.mysql.cj.jdbc.exceptions.SQLExceptionsMapping.translateException(SQLExceptionsMapping.java:64) ~[mysql-connector-java-8.0.13.jar:8.0.13]
	at com.mysql.cj.jdbc.ConnectionImpl.createNewIO(ConnectionImpl.java:835) ~[mysql-connector-java-8.0.13.jar:8.0.13]
	at com.mysql.cj.jdbc.ConnectionImpl.<init>(ConnectionImpl.java:455) ~[mysql-connector-java-8.0.13.jar:8.0.13]
	at com.mysql.cj.jdbc.ConnectionImpl.getInstance(ConnectionImpl.java:240) ~[mysql-connector-java-8.0.13.jar:8.0.13]
	at com.mysql.cj.jdbc.NonRegisteringDriver.connect(NonRegisteringDriver.java:207) ~[mysql-connector-java-8.0.13.jar:8.0.13]
	at org.hibernate.engine.jdbc.connections.internal.DriverConnectionCreator.makeConnection(DriverConnectionCreator.java:38) ~[hibernate-core-5.4.7.Final.jar:5.4.7.Final]
	at org.hibernate.engine.jdbc.connections.internal.BasicConnectionCreator.createConnection(BasicConnectionCreator.java:58) ~[hibernate-core-5.4.7.Final.jar:5.4.7.Final]
	at org.hibernate.engine.jdbc.connections.internal.DriverManagerConnectionProviderImpl$PooledConnections.addConnections(DriverManagerConnectionProviderImpl.java:321) ~[hibernate-core-5.4.7.Final.jar:5.4.7.Final]
	at org.hibernate.engine.jdbc.connections.internal.DriverManagerConnectionProviderImpl$PooledConnections.<init>(DriverManagerConnectionProviderImpl.java:240) ~[hibernate-core-5.4.7.Final.jar:5.4.7.Final]
	at org.hibernate.engine.jdbc.connections.internal.DriverManagerConnectionProviderImpl$PooledConnections.<init>(DriverManagerConnectionProviderImpl.java:218) ~[hibernate-core-5.4.7.Final.jar:5.4.7.Final]
	at org.hibernate.engine.jdbc.connections.internal.DriverManagerConnectionProviderImpl$PooledConnections$Builder.build(DriverManagerConnectionProviderImpl.java:359) ~[hibernate-core-5.4.7.Final.jar:5.4.7.Final]
	at org.hibernate.engine.jdbc.connections.internal.DriverManagerConnectionProviderImpl.buildPool(DriverManagerConnectionProviderImpl.java:98) ~[hibernate-core-5.4.7.Final.jar:5.4.7.Final]
	at org.hibernate.engine.jdbc.connections.internal.DriverManagerConnectionProviderImpl.configure(DriverManagerConnectionProviderImpl.java:73) ~[hibernate-core-5.4.7.Final.jar:5.4.7.Final]
	at org.hibernate.boot.registry.internal.StandardServiceRegistryImpl.configureService(StandardServiceRegistryImpl.java:107) ~[hibernate-core-5.4.7.Final.jar:5.4.7.Final]
	at org.hibernate.service.internal.AbstractServiceRegistryImpl.initializeService(AbstractServiceRegistryImpl.java:246) ~[hibernate-core-5.4.7.Final.jar:5.4.7.Final]
	at org.hibernate.service.internal.AbstractServiceRegistryImpl.getService(AbstractServiceRegistryImpl.java:214) ~[hibernate-core-5.4.7.Final.jar:5.4.7.Final]
	at org.hibernate.engine.jdbc.env.internal.JdbcEnvironmentInitiator.buildJdbcConnectionAccess(JdbcEnvironmentInitiator.java:145) ~[hibernate-core-5.4.7.Final.jar:5.4.7.Final]
	at org.hibernate.engine.jdbc.env.internal.JdbcEnvironmentInitiator.initiateService(JdbcEnvironmentInitiator.java:66) ~[hibernate-core-5.4.7.Final.jar:5.4.7.Final]
	at org.hibernate.engine.jdbc.env.internal.JdbcEnvironmentInitiator.initiateService(JdbcEnvironmentInitiator.java:35) ~[hibernate-core-5.4.7.Final.jar:5.4.7.Final]
	at org.hibernate.boot.registry.internal.StandardServiceRegistryImpl.initiateService(StandardServiceRegistryImpl.java:101) ~[hibernate-core-5.4.7.Final.jar:5.4.7.Final]
	at org.hibernate.service.internal.AbstractServiceRegistryImpl.createService(AbstractServiceRegistryImpl.java:263) ~[hibernate-core-5.4.7.Final.jar:5.4.7.Final]
	at org.hibernate.service.internal.AbstractServiceRegistryImpl.initializeService(AbstractServiceRegistryImpl.java:237) ~[hibernate-core-5.4.7.Final.jar:5.4.7.Final]
	at org.hibernate.service.internal.AbstractServiceRegistryImpl.getService(AbstractServiceRegistryImpl.java:214) ~[hibernate-core-5.4.7.Final.jar:5.4.7.Final]
	at org.hibernate.id.factory.internal.DefaultIdentifierGeneratorFactory.injectServices(DefaultIdentifierGeneratorFactory.java:152) ~[hibernate-core-5.4.7.Final.jar:5.4.7.Final]
	at org.hibernate.service.internal.AbstractServiceRegistryImpl.injectDependencies(AbstractServiceRegistryImpl.java:286) ~[hibernate-core-5.4.7.Final.jar:5.4.7.Final]
	at org.hibernate.service.internal.AbstractServiceRegistryImpl.initializeService(AbstractServiceRegistryImpl.java:243) ~[hibernate-core-5.4.7.Final.jar:5.4.7.Final]
	at org.hibernate.service.internal.AbstractServiceRegistryImpl.getService(AbstractServiceRegistryImpl.java:214) ~[hibernate-core-5.4.7.Final.jar:5.4.7.Final]
	at org.hibernate.boot.internal.InFlightMetadataCollectorImpl.<init>(InFlightMetadataCollectorImpl.java:175) ~[hibernate-core-5.4.7.Final.jar:5.4.7.Final]
	at org.hibernate.boot.model.process.spi.MetadataBuildingProcess.complete(MetadataBuildingProcess.java:118) ~[hibernate-core-5.4.7.Final.jar:5.4.7.Final]
	at org.hibernate.boot.model.process.spi.MetadataBuildingProcess.build(MetadataBuildingProcess.java:83) ~[hibernate-core-5.4.7.Final.jar:5.4.7.Final]
	at org.hibernate.boot.internal.MetadataBuilderImpl.build(MetadataBuilderImpl.java:473) ~[hibernate-core-5.4.7.Final.jar:5.4.7.Final]
	at org.hibernate.boot.internal.MetadataBuilderImpl.build(MetadataBuilderImpl.java:84) ~[hibernate-core-5.4.7.Final.jar:5.4.7.Final]
	at org.hibernate.boot.MetadataSources.buildMetadata(MetadataSources.java:185) ~[hibernate-core-5.4.7.Final.jar:5.4.7.Final]
	at fr.esigelec.garage.HibernateUtil.buildSessionFactory(HibernateUtil.java:16) ~[classes/:?]
	at fr.esigelec.garage.HibernateUtil.<clinit>(HibernateUtil.java:8) ~[classes/:?]
	at fr.esigelec.garage.VoitureDAO.getVoiture(VoitureDAO.java:35) ~[classes/:?]
	at test.java.VoitureDAOTest.testrouler(VoitureDAOTest.java:35) ~[test-classes/:?]
	at jdk.internal.reflect.NativeMethodAccessorImpl.invoke0(Native Method) ~[?:?]
	at jdk.internal.reflect.NativeMethodAccessorImpl.invoke(NativeMethodAccessorImpl.java:62) ~[?:?]
	at jdk.internal.reflect.DelegatingMethodAccessorImpl.invoke(DelegatingMethodAccessorImpl.java:43) ~[?:?]
	at java.lang.reflect.Method.invoke(Method.java:566) ~[?:?]
	at org.junit.platform.commons.util.ReflectionUtils.invokeMethod(ReflectionUtils.java:675) ~[org.junit.platform.commons_1.5.1.v20190826-0900.jar:1.5.1]
	at org.junit.jupiter.engine.execution.MethodInvocation.proceed(MethodInvocation.java:60) ~[org.junit.jupiter.engine_5.5.1.v20190826-0900.jar:5.5.1]
	at org.junit.jupiter.engine.execution.InvocationInterceptorChain$ValidatingInvocation.proceed(InvocationInterceptorChain.java:125) ~[org.junit.jupiter.engine_5.5.1.v20190826-0900.jar:5.5.1]
	at org.junit.jupiter.engine.extension.TimeoutExtension.intercept(TimeoutExtension.java:132) ~[org.junit.jupiter.engine_5.5.1.v20190826-0900.jar:5.5.1]
	at org.junit.jupiter.engine.extension.TimeoutExtension.interceptTestableMethod(TimeoutExtension.java:124) ~[org.junit.jupiter.engine_5.5.1.v20190826-0900.jar:5.5.1]
	at org.junit.jupiter.engine.extension.TimeoutExtension.interceptTestMethod(TimeoutExtension.java:74) ~[org.junit.jupiter.engine_5.5.1.v20190826-0900.jar:5.5.1]
	at org.junit.jupiter.engine.execution.ExecutableInvoker$ReflectiveInterceptorCall.lambda$ofVoidMethod$0(ExecutableInvoker.java:115) ~[org.junit.jupiter.engine_5.5.1.v20190826-0900.jar:5.5.1]
	at org.junit.jupiter.engine.execution.ExecutableInvoker.lambda$invoke$0(ExecutableInvoker.java:105) ~[org.junit.jupiter.engine_5.5.1.v20190826-0900.jar:5.5.1]
	at org.junit.jupiter.engine.execution.InvocationInterceptorChain$InterceptedInvocation.proceed(InvocationInterceptorChain.java:104) ~[org.junit.jupiter.engine_5.5.1.v20190826-0900.jar:5.5.1]
	at org.junit.jupiter.engine.execution.InvocationInterceptorChain.proceed(InvocationInterceptorChain.java:62) ~[org.junit.jupiter.engine_5.5.1.v20190826-0900.jar:5.5.1]
	at org.junit.jupiter.engine.execution.InvocationInterceptorChain.chainAndInvoke(InvocationInterceptorChain.java:43) ~[org.junit.jupiter.engine_5.5.1.v20190826-0900.jar:5.5.1]
	at org.junit.jupiter.engine.execution.InvocationInterceptorChain.invoke(InvocationInterceptorChain.java:35) ~[org.junit.jupiter.engine_5.5.1.v20190826-0900.jar:5.5.1]
	at org.junit.jupiter.engine.execution.ExecutableInvoker.invoke(ExecutableInvoker.java:104) ~[org.junit.jupiter.engine_5.5.1.v20190826-0900.jar:5.5.1]
	at org.junit.jupiter.engine.execution.ExecutableInvoker.invoke(ExecutableInvoker.java:98) ~[org.junit.jupiter.engine_5.5.1.v20190826-0900.jar:5.5.1]
	at org.junit.jupiter.engine.descriptor.TestMethodTestDescriptor.lambda$invokeTestMethod$6(TestMethodTestDescriptor.java:202) ~[org.junit.jupiter.engine_5.5.1.v20190826-0900.jar:5.5.1]
	at org.junit.platform.engine.support.hierarchical.ThrowableCollector.execute(ThrowableCollector.java:73) ~[org.junit.platform.engine_1.5.1.v20190826-0900.jar:1.5.1]
	at org.junit.jupiter.engine.descriptor.TestMethodTestDescriptor.invokeTestMethod(TestMethodTestDescriptor.java:198) ~[org.junit.jupiter.engine_5.5.1.v20190826-0900.jar:5.5.1]
	at org.junit.jupiter.engine.descriptor.TestMethodTestDescriptor.execute(TestMethodTestDescriptor.java:135) ~[org.junit.jupiter.engine_5.5.1.v20190826-0900.jar:5.5.1]
	at org.junit.jupiter.engine.descriptor.TestMethodTestDescriptor.execute(TestMethodTestDescriptor.java:69) ~[org.junit.jupiter.engine_5.5.1.v20190826-0900.jar:5.5.1]
	at org.junit.platform.engine.support.hierarchical.NodeTestTask.lambda$executeRecursively$5(NodeTestTask.java:135) ~[org.junit.platform.engine_1.5.1.v20190826-0900.jar:1.5.1]
	at org.junit.platform.engine.support.hierarchical.ThrowableCollector.execute(ThrowableCollector.java:73) ~[org.junit.platform.engine_1.5.1.v20190826-0900.jar:1.5.1]
	at org.junit.platform.engine.support.hierarchical.NodeTestTask.lambda$executeRecursively$7(NodeTestTask.java:125) ~[org.junit.platform.engine_1.5.1.v20190826-0900.jar:1.5.1]
	at org.junit.platform.engine.support.hierarchical.Node.around(Node.java:135) ~[org.junit.platform.engine_1.5.1.v20190826-0900.jar:1.5.1]
	at org.junit.platform.engine.support.hierarchical.NodeTestTask.lambda$executeRecursively$8(NodeTestTask.java:123) ~[org.junit.platform.engine_1.5.1.v20190826-0900.jar:1.5.1]
	at org.junit.platform.engine.support.hierarchical.ThrowableCollector.execute(ThrowableCollector.java:73) ~[org.junit.platform.engine_1.5.1.v20190826-0900.jar:1.5.1]
	at org.junit.platform.engine.support.hierarchical.NodeTestTask.executeRecursively(NodeTestTask.java:122) ~[org.junit.platform.engine_1.5.1.v20190826-0900.jar:1.5.1]
	at org.junit.platform.engine.support.hierarchical.NodeTestTask.execute(NodeTestTask.java:80) ~[org.junit.platform.engine_1.5.1.v20190826-0900.jar:1.5.1]
	at java.util.ArrayList.forEach(ArrayList.java:1540) ~[?:?]
	at org.junit.platform.engine.support.hierarchical.SameThreadHierarchicalTestExecutorService.invokeAll(SameThreadHierarchicalTestExecutorService.java:38) ~[org.junit.platform.engine_1.5.1.v20190826-0900.jar:1.5.1]
	at org.junit.platform.engine.support.hierarchical.NodeTestTask.lambda$executeRecursively$5(NodeTestTask.java:139) ~[org.junit.platform.engine_1.5.1.v20190826-0900.jar:1.5.1]
	at org.junit.platform.engine.support.hierarchical.ThrowableCollector.execute(ThrowableCollector.java:73) ~[org.junit.platform.engine_1.5.1.v20190826-0900.jar:1.5.1]
	at org.junit.platform.engine.support.hierarchical.NodeTestTask.lambda$executeRecursively$7(NodeTestTask.java:125) ~[org.junit.platform.engine_1.5.1.v20190826-0900.jar:1.5.1]
	at org.junit.platform.engine.support.hierarchical.Node.around(Node.java:135) ~[org.junit.platform.engine_1.5.1.v20190826-0900.jar:1.5.1]
	at org.junit.platform.engine.support.hierarchical.NodeTestTask.lambda$executeRecursively$8(NodeTestTask.java:123) ~[org.junit.platform.engine_1.5.1.v20190826-0900.jar:1.5.1]
	at org.junit.platform.engine.support.hierarchical.ThrowableCollector.execute(ThrowableCollector.java:73) ~[org.junit.platform.engine_1.5.1.v20190826-0900.jar:1.5.1]
	at org.junit.platform.engine.support.hierarchical.NodeTestTask.executeRecursively(NodeTestTask.java:122) ~[org.junit.platform.engine_1.5.1.v20190826-0900.jar:1.5.1]
	at org.junit.platform.engine.support.hierarchical.NodeTestTask.execute(NodeTestTask.java:80) ~[org.junit.platform.engine_1.5.1.v20190826-0900.jar:1.5.1]
	at java.util.ArrayList.forEach(ArrayList.java:1540) ~[?:?]
	at org.junit.platform.engine.support.hierarchical.SameThreadHierarchicalTestExecutorService.invokeAll(SameThreadHierarchicalTestExecutorService.java:38) ~[org.junit.platform.engine_1.5.1.v20190826-0900.jar:1.5.1]
	at org.junit.platform.engine.support.hierarchical.NodeTestTask.lambda$executeRecursively$5(NodeTestTask.java:139) ~[org.junit.platform.engine_1.5.1.v20190826-0900.jar:1.5.1]
	at org.junit.platform.engine.support.hierarchical.ThrowableCollector.execute(ThrowableCollector.java:73) ~[org.junit.platform.engine_1.5.1.v20190826-0900.jar:1.5.1]
	at org.junit.platform.engine.support.hierarchical.NodeTestTask.lambda$executeRecursively$7(NodeTestTask.java:125) ~[org.junit.platform.engine_1.5.1.v20190826-0900.jar:1.5.1]
	at org.junit.platform.engine.support.hierarchical.Node.around(Node.java:135) ~[org.junit.platform.engine_1.5.1.v20190826-0900.jar:1.5.1]
	at org.junit.platform.engine.support.hierarchical.NodeTestTask.lambda$executeRecursively$8(NodeTestTask.java:123) ~[org.junit.platform.engine_1.5.1.v20190826-0900.jar:1.5.1]
	at org.junit.platform.engine.support.hierarchical.ThrowableCollector.execute(ThrowableCollector.java:73) ~[org.junit.platform.engine_1.5.1.v20190826-0900.jar:1.5.1]
	at org.junit.platform.engine.support.hierarchical.NodeTestTask.executeRecursively(NodeTestTask.java:122) ~[org.junit.platform.engine_1.5.1.v20190826-0900.jar:1.5.1]
	at org.junit.platform.engine.support.hierarchical.NodeTestTask.execute(NodeTestTask.java:80) ~[org.junit.platform.engine_1.5.1.v20190826-0900.jar:1.5.1]
	at org.junit.platform.engine.support.hierarchical.SameThreadHierarchicalTestExecutorService.submit(SameThreadHierarchicalTestExecutorService.java:32) ~[org.junit.platform.engine_1.5.1.v20190826-0900.jar:1.5.1]
	at org.junit.platform.engine.support.hierarchical.HierarchicalTestExecutor.execute(HierarchicalTestExecutor.java:57) ~[org.junit.platform.engine_1.5.1.v20190826-0900.jar:1.5.1]
	at org.junit.platform.engine.support.hierarchical.HierarchicalTestEngine.execute(HierarchicalTestEngine.java:51) ~[org.junit.platform.engine_1.5.1.v20190826-0900.jar:1.5.1]
	at org.junit.platform.launcher.core.DefaultLauncher.execute(DefaultLauncher.java:229) ~[org.junit.platform.launcher_1.5.1.v20190826-0900.jar:1.5.1]
	at org.junit.platform.launcher.core.DefaultLauncher.lambda$execute$6(DefaultLauncher.java:197) ~[org.junit.platform.launcher_1.5.1.v20190826-0900.jar:1.5.1]
	at org.junit.platform.launcher.core.DefaultLauncher.withInterceptedStreams(DefaultLauncher.java:211) [org.junit.platform.launcher_1.5.1.v20190826-0900.jar:1.5.1]
	at org.junit.platform.launcher.core.DefaultLauncher.execute(DefaultLauncher.java:191) [org.junit.platform.launcher_1.5.1.v20190826-0900.jar:1.5.1]
	at org.junit.platform.launcher.core.DefaultLauncher.execute(DefaultLauncher.java:137) [org.junit.platform.launcher_1.5.1.v20190826-0900.jar:1.5.1]
	at org.eclipse.jdt.internal.junit5.runner.JUnit5TestReference.run(JUnit5TestReference.java:89) [.cp/:?]
	at org.eclipse.jdt.internal.junit.runner.TestExecution.run(TestExecution.java:41) [.cp/:?]
	at org.eclipse.jdt.internal.junit.runner.RemoteTestRunner.runTests(RemoteTestRunner.java:541) [.cp/:?]
	at org.eclipse.jdt.internal.junit.runner.RemoteTestRunner.runTests(RemoteTestRunner.java:763) [.cp/:?]
	at org.eclipse.jdt.internal.junit.runner.RemoteTestRunner.run(RemoteTestRunner.java:463) [.cp/:?]
	at org.eclipse.jdt.internal.junit.runner.RemoteTestRunner.main(RemoteTestRunner.java:209) [.cp/:?]
Caused by: com.mysql.cj.exceptions.CJCommunicationsException: Communications link failure

The last packet sent successfully to the server was 0 milliseconds ago. The driver has not received any packets from the server.
	at jdk.internal.reflect.NativeConstructorAccessorImpl.newInstance0(Native Method) ~[?:?]
	at jdk.internal.reflect.NativeConstructorAccessorImpl.newInstance(NativeConstructorAccessorImpl.java:62) ~[?:?]
	at jdk.internal.reflect.DelegatingConstructorAccessorImpl.newInstance(DelegatingConstructorAccessorImpl.java:45) ~[?:?]
	at java.lang.reflect.Constructor.newInstance(Constructor.java:490) ~[?:?]
	at com.mysql.cj.exceptions.ExceptionFactory.createException(ExceptionFactory.java:61) ~[mysql-connector-java-8.0.13.jar:8.0.13]
	at com.mysql.cj.exceptions.ExceptionFactory.createException(ExceptionFactory.java:105) ~[mysql-connector-java-8.0.13.jar:8.0.13]
	at com.mysql.cj.exceptions.ExceptionFactory.createException(ExceptionFactory.java:151) ~[mysql-connector-java-8.0.13.jar:8.0.13]
	at com.mysql.cj.exceptions.ExceptionFactory.createCommunicationsException(ExceptionFactory.java:167) ~[mysql-connector-java-8.0.13.jar:8.0.13]
	at com.mysql.cj.protocol.a.NativeSocketConnection.connect(NativeSocketConnection.java:91) ~[mysql-connector-java-8.0.13.jar:8.0.13]
	at com.mysql.cj.NativeSession.connect(NativeSession.java:152) ~[mysql-connector-java-8.0.13.jar:8.0.13]
	at com.mysql.cj.jdbc.ConnectionImpl.connectOneTryOnly(ConnectionImpl.java:955) ~[mysql-connector-java-8.0.13.jar:8.0.13]
	at com.mysql.cj.jdbc.ConnectionImpl.createNewIO(ConnectionImpl.java:825) ~[mysql-connector-java-8.0.13.jar:8.0.13]
	... 100 more
Caused by: java.net.ConnectException: Connection refused (Connection refused)
	at java.net.PlainSocketImpl.socketConnect(Native Method) ~[?:?]
	at java.net.AbstractPlainSocketImpl.doConnect(AbstractPlainSocketImpl.java:399) ~[?:?]
	at java.net.AbstractPlainSocketImpl.connectToAddress(AbstractPlainSocketImpl.java:242) ~[?:?]
	at java.net.AbstractPlainSocketImpl.connect(AbstractPlainSocketImpl.java:224) ~[?:?]
	at java.net.SocksSocketImpl.connect(SocksSocketImpl.java:403) ~[?:?]
	at java.net.Socket.connect(Socket.java:591) ~[?:?]
	at com.mysql.cj.protocol.StandardSocketFactory.connect(StandardSocketFactory.java:155) ~[mysql-connector-java-8.0.13.jar:8.0.13]
	at com.mysql.cj.protocol.a.NativeSocketConnection.connect(NativeSocketConnection.java:65) ~[mysql-connector-java-8.0.13.jar:8.0.13]
	at com.mysql.cj.NativeSession.connect(NativeSession.java:152) ~[mysql-connector-java-8.0.13.jar:8.0.13]
	at com.mysql.cj.jdbc.ConnectionImpl.connectOneTryOnly(ConnectionImpl.java:955) ~[mysql-connector-java-8.0.13.jar:8.0.13]
	at com.mysql.cj.jdbc.ConnectionImpl.createNewIO(ConnectionImpl.java:825) ~[mysql-connector-java-8.0.13.jar:8.0.13]
	... 100 more
2019-10-30 15:07:18.118 [main] WARN  org.hibernate.engine.jdbc.spi.SqlExceptionHelper - SQL Error: 0, SQLState: 08S01
2019-10-30 15:07:18.118 [main] ERROR org.hibernate.engine.jdbc.spi.SqlExceptionHelper - Communications link failure

The last packet sent successfully to the server was 0 milliseconds ago. The driver has not received any packets from the server.
2019-10-30 15:07:18.122 [main] INFO  org.hibernate.service.internal.AbstractServiceRegistryImpl - HHH000369: Error stopping service [class org.hibernate.engine.jdbc.connections.internal.DriverManagerConnectionProviderImpl]
java.lang.NullPointerException: null
	at org.hibernate.engine.jdbc.connections.internal.DriverManagerConnectionProviderImpl.stop(DriverManagerConnectionProviderImpl.java:207) ~[hibernate-core-5.4.7.Final.jar:5.4.7.Final]
	at org.hibernate.service.internal.AbstractServiceRegistryImpl.stopService(AbstractServiceRegistryImpl.java:390) ~[hibernate-core-5.4.7.Final.jar:5.4.7.Final]
	at org.hibernate.service.internal.AbstractServiceRegistryImpl.destroy(AbstractServiceRegistryImpl.java:373) ~[hibernate-core-5.4.7.Final.jar:5.4.7.Final]
	at org.hibernate.boot.registry.internal.StandardServiceRegistryImpl.destroy(StandardServiceRegistryImpl.java:129) ~[hibernate-core-5.4.7.Final.jar:5.4.7.Final]
	at org.hibernate.boot.registry.StandardServiceRegistryBuilder.destroy(StandardServiceRegistryBuilder.java:388) ~[hibernate-core-5.4.7.Final.jar:5.4.7.Final]
	at fr.esigelec.garage.HibernateUtil.buildSessionFactory(HibernateUtil.java:20) ~[classes/:?]
	at fr.esigelec.garage.HibernateUtil.<clinit>(HibernateUtil.java:8) ~[classes/:?]
	at fr.esigelec.garage.VoitureDAO.getVoiture(VoitureDAO.java:35) ~[classes/:?]
	at test.java.VoitureDAOTest.testrouler(VoitureDAOTest.java:35) ~[test-classes/:?]
	at jdk.internal.reflect.NativeMethodAccessorImpl.invoke0(Native Method) ~[?:?]
	at jdk.internal.reflect.NativeMethodAccessorImpl.invoke(NativeMethodAccessorImpl.java:62) ~[?:?]
	at jdk.internal.reflect.DelegatingMethodAccessorImpl.invoke(DelegatingMethodAccessorImpl.java:43) ~[?:?]
	at java.lang.reflect.Method.invoke(Method.java:566) ~[?:?]
	at org.junit.platform.commons.util.ReflectionUtils.invokeMethod(ReflectionUtils.java:675) ~[org.junit.platform.commons_1.5.1.v20190826-0900.jar:1.5.1]
	at org.junit.jupiter.engine.execution.MethodInvocation.proceed(MethodInvocation.java:60) ~[org.junit.jupiter.engine_5.5.1.v20190826-0900.jar:5.5.1]
	at org.junit.jupiter.engine.execution.InvocationInterceptorChain$ValidatingInvocation.proceed(InvocationInterceptorChain.java:125) ~[org.junit.jupiter.engine_5.5.1.v20190826-0900.jar:5.5.1]
	at org.junit.jupiter.engine.extension.TimeoutExtension.intercept(TimeoutExtension.java:132) ~[org.junit.jupiter.engine_5.5.1.v20190826-0900.jar:5.5.1]
	at org.junit.jupiter.engine.extension.TimeoutExtension.interceptTestableMethod(TimeoutExtension.java:124) ~[org.junit.jupiter.engine_5.5.1.v20190826-0900.jar:5.5.1]
	at org.junit.jupiter.engine.extension.TimeoutExtension.interceptTestMethod(TimeoutExtension.java:74) ~[org.junit.jupiter.engine_5.5.1.v20190826-0900.jar:5.5.1]
	at org.junit.jupiter.engine.execution.ExecutableInvoker$ReflectiveInterceptorCall.lambda$ofVoidMethod$0(ExecutableInvoker.java:115) ~[org.junit.jupiter.engine_5.5.1.v20190826-0900.jar:5.5.1]
	at org.junit.jupiter.engine.execution.ExecutableInvoker.lambda$invoke$0(ExecutableInvoker.java:105) ~[org.junit.jupiter.engine_5.5.1.v20190826-0900.jar:5.5.1]
	at org.junit.jupiter.engine.execution.InvocationInterceptorChain$InterceptedInvocation.proceed(InvocationInterceptorChain.java:104) ~[org.junit.jupiter.engine_5.5.1.v20190826-0900.jar:5.5.1]
	at org.junit.jupiter.engine.execution.InvocationInterceptorChain.proceed(InvocationInterceptorChain.java:62) ~[org.junit.jupiter.engine_5.5.1.v20190826-0900.jar:5.5.1]
	at org.junit.jupiter.engine.execution.InvocationInterceptorChain.chainAndInvoke(InvocationInterceptorChain.java:43) ~[org.junit.jupiter.engine_5.5.1.v20190826-0900.jar:5.5.1]
	at org.junit.jupiter.engine.execution.InvocationInterceptorChain.invoke(InvocationInterceptorChain.java:35) ~[org.junit.jupiter.engine_5.5.1.v20190826-0900.jar:5.5.1]
	at org.junit.jupiter.engine.execution.ExecutableInvoker.invoke(ExecutableInvoker.java:104) ~[org.junit.jupiter.engine_5.5.1.v20190826-0900.jar:5.5.1]
	at org.junit.jupiter.engine.execution.ExecutableInvoker.invoke(ExecutableInvoker.java:98) ~[org.junit.jupiter.engine_5.5.1.v20190826-0900.jar:5.5.1]
	at org.junit.jupiter.engine.descriptor.TestMethodTestDescriptor.lambda$invokeTestMethod$6(TestMethodTestDescriptor.java:202) ~[org.junit.jupiter.engine_5.5.1.v20190826-0900.jar:5.5.1]
	at org.junit.platform.engine.support.hierarchical.ThrowableCollector.execute(ThrowableCollector.java:73) ~[org.junit.platform.engine_1.5.1.v20190826-0900.jar:1.5.1]
	at org.junit.jupiter.engine.descriptor.TestMethodTestDescriptor.invokeTestMethod(TestMethodTestDescriptor.java:198) ~[org.junit.jupiter.engine_5.5.1.v20190826-0900.jar:5.5.1]
	at org.junit.jupiter.engine.descriptor.TestMethodTestDescriptor.execute(TestMethodTestDescriptor.java:135) ~[org.junit.jupiter.engine_5.5.1.v20190826-0900.jar:5.5.1]
	at org.junit.jupiter.engine.descriptor.TestMethodTestDescriptor.execute(TestMethodTestDescriptor.java:69) ~[org.junit.jupiter.engine_5.5.1.v20190826-0900.jar:5.5.1]
	at org.junit.platform.engine.support.hierarchical.NodeTestTask.lambda$executeRecursively$5(NodeTestTask.java:135) ~[org.junit.platform.engine_1.5.1.v20190826-0900.jar:1.5.1]
	at org.junit.platform.engine.support.hierarchical.ThrowableCollector.execute(ThrowableCollector.java:73) ~[org.junit.platform.engine_1.5.1.v20190826-0900.jar:1.5.1]
	at org.junit.platform.engine.support.hierarchical.NodeTestTask.lambda$executeRecursively$7(NodeTestTask.java:125) ~[org.junit.platform.engine_1.5.1.v20190826-0900.jar:1.5.1]
	at org.junit.platform.engine.support.hierarchical.Node.around(Node.java:135) ~[org.junit.platform.engine_1.5.1.v20190826-0900.jar:1.5.1]
	at org.junit.platform.engine.support.hierarchical.NodeTestTask.lambda$executeRecursively$8(NodeTestTask.java:123) ~[org.junit.platform.engine_1.5.1.v20190826-0900.jar:1.5.1]
	at org.junit.platform.engine.support.hierarchical.ThrowableCollector.execute(ThrowableCollector.java:73) ~[org.junit.platform.engine_1.5.1.v20190826-0900.jar:1.5.1]
	at org.junit.platform.engine.support.hierarchical.NodeTestTask.executeRecursively(NodeTestTask.java:122) ~[org.junit.platform.engine_1.5.1.v20190826-0900.jar:1.5.1]
	at org.junit.platform.engine.support.hierarchical.NodeTestTask.execute(NodeTestTask.java:80) ~[org.junit.platform.engine_1.5.1.v20190826-0900.jar:1.5.1]
	at java.util.ArrayList.forEach(ArrayList.java:1540) ~[?:?]
	at org.junit.platform.engine.support.hierarchical.SameThreadHierarchicalTestExecutorService.invokeAll(SameThreadHierarchicalTestExecutorService.java:38) ~[org.junit.platform.engine_1.5.1.v20190826-0900.jar:1.5.1]
	at org.junit.platform.engine.support.hierarchical.NodeTestTask.lambda$executeRecursively$5(NodeTestTask.java:139) ~[org.junit.platform.engine_1.5.1.v20190826-0900.jar:1.5.1]
	at org.junit.platform.engine.support.hierarchical.ThrowableCollector.execute(ThrowableCollector.java:73) ~[org.junit.platform.engine_1.5.1.v20190826-0900.jar:1.5.1]
	at org.junit.platform.engine.support.hierarchical.NodeTestTask.lambda$executeRecursively$7(NodeTestTask.java:125) ~[org.junit.platform.engine_1.5.1.v20190826-0900.jar:1.5.1]
	at org.junit.platform.engine.support.hierarchical.Node.around(Node.java:135) ~[org.junit.platform.engine_1.5.1.v20190826-0900.jar:1.5.1]
	at org.junit.platform.engine.support.hierarchical.NodeTestTask.lambda$executeRecursively$8(NodeTestTask.java:123) ~[org.junit.platform.engine_1.5.1.v20190826-0900.jar:1.5.1]
	at org.junit.platform.engine.support.hierarchical.ThrowableCollector.execute(ThrowableCollector.java:73) ~[org.junit.platform.engine_1.5.1.v20190826-0900.jar:1.5.1]
	at org.junit.platform.engine.support.hierarchical.NodeTestTask.executeRecursively(NodeTestTask.java:122) ~[org.junit.platform.engine_1.5.1.v20190826-0900.jar:1.5.1]
	at org.junit.platform.engine.support.hierarchical.NodeTestTask.execute(NodeTestTask.java:80) ~[org.junit.platform.engine_1.5.1.v20190826-0900.jar:1.5.1]
	at java.util.ArrayList.forEach(ArrayList.java:1540) ~[?:?]
	at org.junit.platform.engine.support.hierarchical.SameThreadHierarchicalTestExecutorService.invokeAll(SameThreadHierarchicalTestExecutorService.java:38) ~[org.junit.platform.engine_1.5.1.v20190826-0900.jar:1.5.1]
	at org.junit.platform.engine.support.hierarchical.NodeTestTask.lambda$executeRecursively$5(NodeTestTask.java:139) ~[org.junit.platform.engine_1.5.1.v20190826-0900.jar:1.5.1]
	at org.junit.platform.engine.support.hierarchical.ThrowableCollector.execute(ThrowableCollector.java:73) ~[org.junit.platform.engine_1.5.1.v20190826-0900.jar:1.5.1]
	at org.junit.platform.engine.support.hierarchical.NodeTestTask.lambda$executeRecursively$7(NodeTestTask.java:125) ~[org.junit.platform.engine_1.5.1.v20190826-0900.jar:1.5.1]
	at org.junit.platform.engine.support.hierarchical.Node.around(Node.java:135) ~[org.junit.platform.engine_1.5.1.v20190826-0900.jar:1.5.1]
	at org.junit.platform.engine.support.hierarchical.NodeTestTask.lambda$executeRecursively$8(NodeTestTask.java:123) ~[org.junit.platform.engine_1.5.1.v20190826-0900.jar:1.5.1]
	at org.junit.platform.engine.support.hierarchical.ThrowableCollector.execute(ThrowableCollector.java:73) ~[org.junit.platform.engine_1.5.1.v20190826-0900.jar:1.5.1]
	at org.junit.platform.engine.support.hierarchical.NodeTestTask.executeRecursively(NodeTestTask.java:122) ~[org.junit.platform.engine_1.5.1.v20190826-0900.jar:1.5.1]
	at org.junit.platform.engine.support.hierarchical.NodeTestTask.execute(NodeTestTask.java:80) ~[org.junit.platform.engine_1.5.1.v20190826-0900.jar:1.5.1]
	at org.junit.platform.engine.support.hierarchical.SameThreadHierarchicalTestExecutorService.submit(SameThreadHierarchicalTestExecutorService.java:32) ~[org.junit.platform.engine_1.5.1.v20190826-0900.jar:1.5.1]
	at org.junit.platform.engine.support.hierarchical.HierarchicalTestExecutor.execute(HierarchicalTestExecutor.java:57) ~[org.junit.platform.engine_1.5.1.v20190826-0900.jar:1.5.1]
	at org.junit.platform.engine.support.hierarchical.HierarchicalTestEngine.execute(HierarchicalTestEngine.java:51) ~[org.junit.platform.engine_1.5.1.v20190826-0900.jar:1.5.1]
	at org.junit.platform.launcher.core.DefaultLauncher.execute(DefaultLauncher.java:229) ~[org.junit.platform.launcher_1.5.1.v20190826-0900.jar:1.5.1]
	at org.junit.platform.launcher.core.DefaultLauncher.lambda$execute$6(DefaultLauncher.java:197) ~[org.junit.platform.launcher_1.5.1.v20190826-0900.jar:1.5.1]
	at org.junit.platform.launcher.core.DefaultLauncher.withInterceptedStreams(DefaultLauncher.java:211) [org.junit.platform.launcher_1.5.1.v20190826-0900.jar:1.5.1]
	at org.junit.platform.launcher.core.DefaultLauncher.execute(DefaultLauncher.java:191) [org.junit.platform.launcher_1.5.1.v20190826-0900.jar:1.5.1]
	at org.junit.platform.launcher.core.DefaultLauncher.execute(DefaultLauncher.java:137) [org.junit.platform.launcher_1.5.1.v20190826-0900.jar:1.5.1]
	at org.eclipse.jdt.internal.junit5.runner.JUnit5TestReference.run(JUnit5TestReference.java:89) [.cp/:?]
	at org.eclipse.jdt.internal.junit.runner.TestExecution.run(TestExecution.java:41) [.cp/:?]
	at org.eclipse.jdt.internal.junit.runner.RemoteTestRunner.runTests(RemoteTestRunner.java:541) [.cp/:?]
	at org.eclipse.jdt.internal.junit.runner.RemoteTestRunner.runTests(RemoteTestRunner.java:763) [.cp/:?]
	at org.eclipse.jdt.internal.junit.runner.RemoteTestRunner.run(RemoteTestRunner.java:463) [.cp/:?]
	at org.eclipse.jdt.internal.junit.runner.RemoteTestRunner.main(RemoteTestRunner.java:209) [.cp/:?]
2019-10-30 15:07:18.124 [main] DEBUG org.hibernate.boot.registry.internal.BootstrapServiceRegistryImpl - Implicitly destroying Boot-strap registry on de-registration of all child ServiceRegistries
